This is pdfTeX, Version 3.1415926-1.40.10 (MiKTeX 2.8) (preloaded format=pdflatex 2011.8.19)  3 DEC 2011 16:21
entering extended mode
**tugasakhir1.tex
("D:\ATY'S DOCUMENTS\task 101_08 sem7\latihan\tugasakhir\tugasakhir1.tex"
LaTeX2e <2009/09/24>
Babel <v3.8l> and hyphenation patterns for english, dumylang, nohyphenation, ge
rman, ngerman, german-x-2009-06-19, ngerman-x-2009-06-19, french, loaded.
("C:\Program Files\MiKTeX 2.8\tex\latex\base\report.cls"
Document Class: report 2007/10/19 v1.4h Standard LaTeX document class
("C:\Program Files\MiKTeX 2.8\tex\latex\base\size12.clo"
File: size12.clo 2007/10/19 v1.4h Standard LaTeX file (size option)
)
\c@part=\count79
\c@chapter=\count80
\c@section=\count81
\c@subsection=\count82
\c@subsubsection=\count83
\c@paragraph=\count84
\c@subparagraph=\count85
\c@figure=\count86
\c@table=\count87
\abovecaptionskip=\skip41
\belowcaptionskip=\skip42
\bibindent=\dimen102
)
("C:\Program Files\MiKTeX 2.8\tex\latex\ams\math\amsmath.sty"
Package: amsmath 2000/07/18 v2.13 AMS math features
\@mathmargin=\skip43

For additional information on amsmath, use the `?' option.
("C:\Program Files\MiKTeX 2.8\tex\latex\ams\math\amstext.sty"
Package: amstext 2000/06/29 v2.01

("C:\Program Files\MiKTeX 2.8\tex\latex\ams\math\amsgen.sty"
File: amsgen.sty 1999/11/30 v2.0
\@emptytoks=\toks14
\ex@=\dimen103
))
("C:\Program Files\MiKTeX 2.8\tex\latex\ams\math\amsbsy.sty"
Package: amsbsy 1999/11/29 v1.2d
\pmbraise@=\dimen104
)
("C:\Program Files\MiKTeX 2.8\tex\latex\ams\math\amsopn.sty"
Package: amsopn 1999/12/14 v2.01 operator names
)
\inf@bad=\count88
LaTeX Info: Redefining \frac on input line 211.
\uproot@=\count89
\leftroot@=\count90
LaTeX Info: Redefining \overline on input line 307.
\classnum@=\count91
\DOTSCASE@=\count92
LaTeX Info: Redefining \ldots on input line 379.
LaTeX Info: Redefining \dots on input line 382.
LaTeX Info: Redefining \cdots on input line 467.
\Mathstrutbox@=\box26
\strutbox@=\box27
\big@size=\dimen105
LaTeX Font Info:    Redeclaring font encoding OML on input line 567.
LaTeX Font Info:    Redeclaring font encoding OMS on input line 568.
\macc@depth=\count93
\c@MaxMatrixCols=\count94
\dotsspace@=\muskip10
\c@parentequation=\count95
\dspbrk@lvl=\count96
\tag@help=\toks15
\row@=\count97
\column@=\count98
\maxfields@=\count99
\andhelp@=\toks16
\eqnshift@=\dimen106
\alignsep@=\dimen107
\tagshift@=\dimen108
\tagwidth@=\dimen109
\totwidth@=\dimen110
\lineht@=\dimen111
\@envbody=\toks17
\multlinegap=\skip44
\multlinetaggap=\skip45
\mathdisplay@stack=\toks18
LaTeX Info: Redefining \[ on input line 2666.
LaTeX Info: Redefining \] on input line 2667.
)
("C:\Program Files\MiKTeX 2.8\tex\latex\amsfonts\amsfonts.sty"
Package: amsfonts 2009/06/22 v3.00 Basic AMSFonts support
\symAMSa=\mathgroup4
\symAMSb=\mathgroup5
LaTeX Font Info:    Overwriting math alphabet `\mathfrak' in version `bold'
(Font)                  U/euf/m/n --> U/euf/b/n on input line 96.
)
("C:\Program Files\MiKTeX 2.8\tex\latex\amsfonts\amssymb.sty"
Package: amssymb 2009/06/22 v3.00
)
("C:\Program Files\MiKTeX 2.8\tex\latex\graphics\graphicx.sty"
Package: graphicx 1999/02/16 v1.0f Enhanced LaTeX Graphics (DPC,SPQR)

("C:\Program Files\MiKTeX 2.8\tex\latex\graphics\keyval.sty"
Package: keyval 1999/03/16 v1.13 key=value parser (DPC)
\KV@toks@=\toks19
)
("C:\Program Files\MiKTeX 2.8\tex\latex\graphics\graphics.sty"
Package: graphics 2009/02/05 v1.0o Standard LaTeX Graphics (DPC,SPQR)

("C:\Program Files\MiKTeX 2.8\tex\latex\graphics\trig.sty"
Package: trig 1999/03/16 v1.09 sin cos tan (DPC)
)
("C:\Program Files\MiKTeX 2.8\tex\latex\00miktex\graphics.cfg"
File: graphics.cfg 2007/01/18 v1.5 graphics configuration of teTeX/TeXLive
)
Package graphics Info: Driver file: pdftex.def on input line 91.

("C:\Program Files\MiKTeX 2.8\tex\latex\pdftex-def\pdftex.def"
File: pdftex.def 2009/08/25 v0.04m Graphics/color for pdfTeX
\Gread@gobject=\count100
))
\Gin@req@height=\dimen112
\Gin@req@width=\dimen113
)
("D:\ATY'S DOCUMENTS\task 101_08 sem7\latihan\tugasakhir\tugasakhir1.aux"
("D:\ATY'S DOCUMENTS\task 101_08 sem7\latihan\tugasakhir\judul.aux"))
LaTeX Font Info:    Checking defaults for OML/cmm/m/it on input line 9.
LaTeX Font Info:    ... okay on input line 9.
LaTeX Font Info:    Checking defaults for T1/cmr/m/n on input line 9.
LaTeX Font Info:    ... okay on input line 9.
LaTeX Font Info:    Checking defaults for OT1/cmr/m/n on input line 9.
LaTeX Font Info:    ... okay on input line 9.
LaTeX Font Info:    Checking defaults for OMS/cmsy/m/n on input line 9.
LaTeX Font Info:    ... okay on input line 9.
LaTeX Font Info:    Checking defaults for OMX/cmex/m/n on input line 9.
LaTeX Font Info:    ... okay on input line 9.
LaTeX Font Info:    Checking defaults for U/cmr/m/n on input line 9.
LaTeX Font Info:    ... okay on input line 9.

("C:\Program Files\MiKTeX 2.8\tex\context\base\supp-pdf.tex"
[Loading MPS to PDF converter (version 2006.09.02).]
\scratchcounter=\count101
\scratchdimen=\dimen114
\scratchbox=\box28
\nofMPsegments=\count102
\nofMParguments=\count103
\everyMPshowfont=\toks20
\MPscratchCnt=\count104
\MPscratchDim=\dimen115
\MPnumerator=\count105
\everyMPtoPDFconversion=\toks21
) ("D:\ATY'S DOCUMENTS\task 101_08 sem7\latihan\tugasakhir\judul.tex"
LaTeX Font Info:    Try loading font information for U+msa on input line 1.

("C:\Program Files\MiKTeX 2.8\tex\latex\amsfonts\umsa.fd"
File: umsa.fd 2009/06/22 v3.00 AMS symbols A
)
LaTeX Font Info:    Try loading font information for U+msb on input line 1.

("C:\Program Files\MiKTeX 2.8\tex\latex\amsfonts\umsb.fd"
File: umsb.fd 2009/06/22 v3.00 AMS symbols B
) [1


{C:/ProgramData/MiKTeX/2.8/pdftex/config/pdftex.map}])
("D:\ATY'S DOCUMENTS\task 101_08 sem7\latihan\tugasakhir\lembarpengesahan.tex")
("D:\ATY'S DOCUMENTS\task 101_08 sem7\latihan\tugasakhir\abstrak.tex" [1


]
[1]) ("D:\ATY'S DOCUMENTS\task 101_08 sem7\latihan\tugasakhir\abstract.tex"
[1]) ("D:\ATY'S DOCUMENTS\task 101_08 sem7\latihan\tugasakhir\prakata.tex")
[1

] ("D:\ATY'S DOCUMENTS\task 101_08 sem7\latihan\tugasakhir\tugasakhir1.toc")
\tf@toc=\write3

("D:\ATY'S DOCUMENTS\task 101_08 sem7\latihan\tugasakhir\bab1.tex" [1

]
Chapter 1.
<Gadjahemas.jpg, id=24, 75.28125pt x 97.86563pt>
File: Gadjahemas.jpg Graphic file (type jpg)
 <use Gadjahemas.jpg> [2

 <D:/ATY'S DOCUMENTS/task 101_08 sem7/latihan/tugasakhir/Gadjahemas.jpg>])
("D:\ATY'S DOCUMENTS\task 101_08 sem7\latihan\tugasakhir\bab2.tex" [3]
Chapter 2.
[4

]) ("D:\ATY'S DOCUMENTS\task 101_08 sem7\latihan\tugasakhir\bab3.tex"
[5]
Chapter 3.
[6

]) ("D:\ATY'S DOCUMENTS\task 101_08 sem7\latihan\tugasakhir\bab4.tex"
[7]
Chapter 4.
[8

]) ("D:\ATY'S DOCUMENTS\task 101_08 sem7\latihan\tugasakhir\lampiran.tex")
("D:\ATY'S DOCUMENTS\task 101_08 sem7\latihan\tugasakhir\daftarpustaka.tex")
[9] ("D:\ATY'S DOCUMENTS\task 101_08 sem7\latihan\tugasakhir\tugasakhir1.aux"
("D:\ATY'S DOCUMENTS\task 101_08 sem7\latihan\tugasakhir\judul.aux")) ) 
Here is how much of TeX's memory you used:
 1864 strings out of 495285
 23843 string characters out of 3180388
 75805 words of memory out of 3000000
 5036 multiletter control sequences out of 15000+200000
 13049 words of font info for 50 fonts, out of 3000000 for 9000
 14 hyphenation exceptions out of 8191
 27i,7n,22p,582b,241s stack positions out of 5000i,500n,10000p,200000b,50000s
<C:/Prog
ram Files/MiKTeX 2.8/fonts/type1/public/amsfonts/cm/cmbx12.pfb><C:/Program File
s/MiKTeX 2.8/fonts/type1/public/amsfonts/cm/cmr12.pfb><C:/Program Files/MiKTeX 
2.8/fonts/type1/public/amsfonts/cm/cmr17.pfb><C:/Program Files/MiKTeX 2.8/fonts
/type1/public/amsfonts/cm/cmti12.pfb>
Output written on tugasakhir1.pdf (14 pages, 83214 bytes).
PDF statistics:
 65 PDF objects out of 1000 (max. 8388607)
 0 named destinations out of 1000 (max. 500000)
 6 words of extra memory for PDF output out of 10000 (max. 10000000)

